<?xml version="1.0" encoding="UTF-8"?>
<!-- Generated by org.testng.reporters.JUnitXMLReporter -->
<testsuite ignored="2" hostname="VIDHYA" failures="1" tests="3" name="Test" time="23.205" errors="0" timestamp="2025-08-01T21:01:32 IST">
  <testcase classname="campaign.campaignTest" name="toCreateCampaignwithExpectedDate" time="3.607">
    <failure type="java.lang.AssertionError" message="expected [true] but found [false]">
      <![CDATA[java.lang.AssertionError: expected [true] but found [false]
at campaign.campaignTest.toCreateCampaignwithExpectedDate(campaignTest.java:88)
at java.base/java.util.ArrayList.forEach(ArrayList.java:1596)
... Removed 29 stack frames]]>
    </failure>
  </testcase> <!-- toCreateCampaignwithExpectedDate -->
  <testcase classname="campaign.campaignTest" name="toCreateCampaignwithMAndatoryFieldsTest" time="2.136"/>
  <testcase classname="Product.productTest" name="createproductTest" time="3.011"/>
  <testcase classname="baseclass.BaseClass" name="@AfterSuite dbClose" time="0.0">
    <ignored/>
  </testcase> <!-- @AfterSuite dbClose -->
  <testcase classname="baseclass.BaseClass" name="@BeforeSuite databaseO" time="0.0">
    <ignored/>
  </testcase> <!-- @BeforeSuite databaseO -->
</testsuite> <!-- Test -->
